[16-Jan-2023 14:10:39 UTC] デバッグ：>>>>>>>>>>>>>>>>>>>>>>>>>>>>>>>>>>>>>>>>>>>>>>>> 画面表示処理開始
[16-Jan-2023 14:10:39 UTC] デバッグ：セッションID：d97k15uh8em825dvt20rdnt0l6
[16-Jan-2023 14:10:39 UTC] デバッグ：セッション変数の中身：Array
(
)

[16-Jan-2023 14:10:39 UTC] デバッグ：現在日時タイムスタンプ：1673878239
[16-Jan-2023 14:10:39 UTC] デバッグ：「「「「「「「「「「「「「「「「「「「
[16-Jan-2023 14:10:39 UTC] デバッグ：アカウント作成ページ
[16-Jan-2023 14:10:39 UTC] デバッグ：「「「「「「「「「「「「「
[16-Jan-2023 14:10:39 UTC] デバッグ：送信判定に入ります
[16-Jan-2023 14:10:39 UTC] デバッグ：接続・登録処理に入ります
[16-Jan-2023 14:10:39 UTC] エラー発生:SQLSTATE[HY000] [1045] Access denied for user 'root'@'localhost' (using password: YES)
[16-Jan-2023 14:51:08 UTC] デバッグ：>>>>>>>>>>>>>>>>>>>>>>>>>>>>>>>>>>>>>>>>>>>>>>>> 画面表示処理開始
[16-Jan-2023 14:51:08 UTC] デバッグ：セッションID：c6kfbvp302tdffsg5f23crapia
[16-Jan-2023 14:51:08 UTC] デバッグ：セッション変数の中身：Array
(
)

[16-Jan-2023 14:51:08 UTC] デバッグ：現在日時タイムスタンプ：1673880668
[16-Jan-2023 14:51:08 UTC] デバッグ：「「「「「「「「「「「「「「「「「「「
[16-Jan-2023 14:51:08 UTC] デバッグ：アカウント作成ページ
[16-Jan-2023 14:51:08 UTC] デバッグ：「「「「「「「「「「「「「
[16-Jan-2023 14:51:08 UTC] デバッグ：送信判定に入ります
[16-Jan-2023 14:51:08 UTC] デバッグ：接続・登録処理に入ります
[16-Jan-2023 14:51:08 UTC] エラー発生:SQLSTATE[HY000] [1045] Access denied for user 'root'@'localhost' (using password: YES)
[16-Jan-2023 14:52:46 UTC] デバッグ：>>>>>>>>>>>>>>>>>>>>>>>>>>>>>>>>>>>>>>>>>>>>>>>> 画面表示処理開始
[16-Jan-2023 14:52:46 UTC] デバッグ：セッションID：s61199p88g4vrgis2m1rd38g64
[16-Jan-2023 14:52:46 UTC] デバッグ：セッション変数の中身：Array
(
)

[16-Jan-2023 14:52:46 UTC] デバッグ：現在日時タイムスタンプ：1673880766
[16-Jan-2023 14:52:46 UTC] デバッグ：「「「「「「「「「「「「「「「「「「「
[16-Jan-2023 14:52:46 UTC] デバッグ：アカウント作成ページ
[16-Jan-2023 14:52:46 UTC] デバッグ：「「「「「「「「「「「「「
[16-Jan-2023 14:52:46 UTC] デバッグ：送信判定に入ります
[16-Jan-2023 14:52:46 UTC] デバッグ：接続・登録処理に入ります
[16-Jan-2023 14:52:46 UTC] PHP Warning:  PDOStatement::execute(): SQLSTATE[HY093]: Invalid parameter number: number of bound variables does not match number of tokens in /Applications/MAMP/htdocs/phpFolder/match(フルスクラッチ)/private/signUpFunction.php on line 23
